<?xml version="1.0" encoding="UTF-8"?>
<!-- Generated by org.testng.reporters.JUnitXMLReporter -->
<testsuite ignored="6" hostname="Lenovo_Yoga" failures="0" tests="1" name="Default test" time="8.731" errors="0" timestamp="2025-03-22T13:04:11 IST">
  <testcase classname="tests.android.EcommerceTest" name="fillForm" time="8.493"/>
  <testcase classname="tests.android.EcommerceTest" name="verifyErrorMessage" time="0.0">
    <ignored/>
  </testcase> <!-- verifyErrorMessage -->
  <testcase classname="tests.android.EcommerceTest" name="termsAndConditions" time="0.0">
    <ignored/>
  </testcase> <!-- termsAndConditions -->
  <testcase classname="tests.android.EcommerceTest" name="webViewOperations" time="0.0">
    <ignored/>
  </testcase> <!-- webViewOperations -->
  <testcase classname="tests.android.EcommerceTest" name="verifyCartTotal" time="0.0">
    <ignored/>
  </testcase> <!-- verifyCartTotal -->
  <testcase classname="tests.android.EcommerceTest" name="addToCart" time="0.0">
    <ignored/>
  </testcase> <!-- addToCart -->
  <testcase classname="tests.android.EcommerceTest" name="verifyCart" time="0.0">
    <ignored/>
  </testcase> <!-- verifyCart -->
</testsuite> <!-- Default test -->
