<?xml version="1.0" encoding="UTF-8"?>
<!-- Generated by org.testng.reporters.JUnitXMLReporter -->
<testsuite ignored="4" hostname="Lenovo_Yoga" failures="0" tests="0" name="Test" time="0.129" errors="0" timestamp="2025-03-20T15:15:22 IST">
  <testcase classname="tests.android.EcommerceTest" name="verifyErrorMessage" time="0.0">
    <ignored/>
  </testcase> <!-- verifyErrorMessage -->
  <testcase classname="tests.android.EcommerceTest" name="termsAndConditions" time="0.0">
    <ignored/>
  </testcase> <!-- termsAndConditions -->
  <testcase classname="tests.android.EcommerceTest" name="verifyCartTotal" time="0.0">
    <ignored/>
  </testcase> <!-- verifyCartTotal -->
  <testcase classname="tests.android.EcommerceTest" name="webViewOperations" time="0.0">
    <ignored/>
  </testcase> <!-- webViewOperations -->
</testsuite> <!-- Test -->
