<?xml version="1.0" encoding="UTF-8"?>
<!-- Generated by org.testng.reporters.JUnitXMLReporter -->
<testsuite ignored="4" hostname="Lenovo_Yoga" failures="0" tests="3" name="Test" time="20.941" errors="0" timestamp="2025-03-22T19:24:59 IST">
  <testcase classname="tests.android.EcommerceTest" name="fillForm" time="10.534"/>
  <testcase classname="tests.android.EcommerceTest" name="addToCart" time="8.793"/>
  <testcase classname="tests.android.EcommerceTest" name="verifyCart" time="1.429"/>
  <testcase classname="tests.android.EcommerceTest" name="verifyErrorMessage" time="0.0">
    <ignored/>
  </testcase> <!-- verifyErrorMessage -->
  <testcase classname="tests.android.EcommerceTest" name="termsAndConditions" time="0.0">
    <ignored/>
  </testcase> <!-- termsAndConditions -->
  <testcase classname="tests.android.EcommerceTest" name="verifyCartTotal" time="0.0">
    <ignored/>
  </testcase> <!-- verifyCartTotal -->
  <testcase classname="tests.android.EcommerceTest" name="webViewOperations" time="0.0">
    <ignored/>
  </testcase> <!-- webViewOperations -->
</testsuite> <!-- Test -->
