<?xml version="1.0" encoding="UTF-8"?>
<testng-results ignored="4" total="7" passed="3" failed="0" skipped="0">
  <reporter-output>
  </reporter-output>
  <suite started-at="2025-03-22T20:12:53 IST" name="Suite" finished-at="2025-03-22T20:13:15 IST" duration-ms="21658">
    <groups>
    </groups>
    <test started-at="2025-03-22T20:12:53 IST" name="Test" finished-at="2025-03-22T20:13:15 IST" duration-ms="21658">
      <class name="tests.android.EcommerceTest">
        <test-method is-config="true" signature="startServer()[pri:0, instance:tests.android.EcommerceTest@4bf48f6]" started-at="2025-03-22T20:12:45 IST" name="startServer" finished-at="2025-03-22T20:12:53 IST" duration-ms="7930" status="PASS">
          <reporter-output>
          </reporter-output>
        </test-method> <!-- startServer -->
        <test-method signature="fillForm(java.util.HashMap)[pri:0, instance:tests.android.EcommerceTest@4bf48f6]" started-at="2025-03-22T20:12:53 IST" name="fillForm" data-provider="dataProvider" finished-at="2025-03-22T20:13:04 IST" duration-ms="11082" status="PASS">
          <params>
            <param index="0">
              <value>
                <![CDATA[{name=Aravind, country=Argentina}]]>
              </value>
            </param>
          </params>
          <reporter-output>
          </reporter-output>
        </test-method> <!-- fillForm -->
        <test-method signature="addToCart()[pri:2, instance:tests.android.EcommerceTest@4bf48f6]" started-at="2025-03-22T20:13:04 IST" name="addToCart" finished-at="2025-03-22T20:13:13 IST" duration-ms="8994" status="PASS">
          <reporter-output>
          </reporter-output>
        </test-method> <!-- addToCart -->
        <test-method signature="verifyCart()[pri:3, instance:tests.android.EcommerceTest@4bf48f6]" started-at="2025-03-22T20:13:13 IST" name="verifyCart" finished-at="2025-03-22T20:13:15 IST" duration-ms="1400" status="PASS">
          <reporter-output>
          </reporter-output>
        </test-method> <!-- verifyCart -->
        <test-method is-config="true" signature="stopServer()[pri:0, instance:tests.android.EcommerceTest@4bf48f6]" started-at="2025-03-22T20:13:15 IST" name="stopServer" finished-at="2025-03-22T20:13:16 IST" duration-ms="674" status="PASS">
          <reporter-output>
          </reporter-output>
        </test-method> <!-- stopServer -->
      </class> <!-- tests.android.EcommerceTest -->
    </test> <!-- Test -->
  </suite> <!-- Suite -->
</testng-results>
